<?xml version="1.0" encoding="UTF-8"?>
<testng-results ignored="0" total="2" passed="2" failed="0" skipped="0">
  <reporter-output>
  </reporter-output>
  <suite started-at="2022-09-08T10:29:30 IST" name="Type of Testings" finished-at="2022-09-08T10:30:34 IST" duration-ms="63412">
    <groups>
      <group name="cucumber">
        <method signature="AbstractTestNGCucumberTests.runScenario(io.cucumber.testng.PickleWrapper,io.cucumber.testng.FeatureWrapper)[pri:0, instance:Runner.Runner2@38467116]" name="runScenario" class="io.cucumber.testng.AbstractTestNGCucumberTests"/>
        <method signature="AbstractTestNGCucumberTests.runScenario(io.cucumber.testng.PickleWrapper,io.cucumber.testng.FeatureWrapper)[pri:0, instance:Runner.Runner@55cb6996]" name="runScenario" class="io.cucumber.testng.AbstractTestNGCucumberTests"/>
      </group> <!-- cucumber -->
    </groups>
    <test started-at="2022-09-08T10:29:30 IST" name="Test" finished-at="2022-09-08T10:30:34 IST" duration-ms="63412">
      <class name="Runner.Runner2">
        <test-method is-config="true" signature="setUpClass(org.testng.ITestContext)[pri:0, instance:Runner.Runner2@38467116]" started-at="2022-09-08T10:29:30 IST" name="setUpClass" finished-at="2022-09-08T10:29:30 IST" duration-ms="256" status="PASS">
          <params>
            <param index="0">
              <value>
                <![CDATA[org.testng.TestRunner@11bb571c]]>
              </value>
            </param>
          </params>
          <reporter-output>
          </reporter-output>
        </test-method> <!-- setUpClass -->
        <test-method signature="runScenario(io.cucumber.testng.PickleWrapper,io.cucumber.testng.FeatureWrapper)[pri:0, instance:Runner.Runner2@38467116]" started-at="2022-09-08T10:29:30 IST" name="runScenario" description="Runs Cucumber Scenarios" data-provider="scenarios" finished-at="2022-09-08T10:30:29 IST" duration-ms="59060" status="PASS">
          <params>
            <param index="0">
              <value>
                <![CDATA["Google Search for Che Guevara"]]>
              </value>
            </param>
            <param index="1">
              <value>
                <![CDATA["Testing Google Search"]]>
              </value>
            </param>
          </params>
          <reporter-output>
          </reporter-output>
        </test-method> <!-- runScenario -->
        <test-method is-config="true" signature="tearDownClass()[pri:0, instance:Runner.Runner2@38467116]" started-at="2022-09-08T10:30:29 IST" name="tearDownClass" finished-at="2022-09-08T10:30:29 IST" duration-ms="7" status="PASS">
          <reporter-output>
          </reporter-output>
        </test-method> <!-- tearDownClass -->
      </class> <!-- Runner.Runner2 -->
      <class name="Runner.Runner">
        <test-method is-config="true" signature="setUpClass(org.testng.ITestContext)[pri:0, instance:Runner.Runner@55cb6996]" started-at="2022-09-08T10:29:30 IST" name="setUpClass" finished-at="2022-09-08T10:29:30 IST" duration-ms="256" status="PASS">
          <params>
            <param index="0">
              <value>
                <![CDATA[org.testng.TestRunner@11bb571c]]>
              </value>
            </param>
          </params>
          <reporter-output>
          </reporter-output>
        </test-method> <!-- setUpClass -->
        <test-method signature="runScenario(io.cucumber.testng.PickleWrapper,io.cucumber.testng.FeatureWrapper)[pri:0, instance:Runner.Runner@55cb6996]" started-at="2022-09-08T10:29:30 IST" name="runScenario" description="Runs Cucumber Scenarios" data-provider="scenarios" finished-at="2022-09-08T10:30:34 IST" duration-ms="63087" status="PASS">
          <params>
            <param index="0">
              <value>
                <![CDATA["Google Search for Yugandhar Royal"]]>
              </value>
            </param>
            <param index="1">
              <value>
                <![CDATA["Testing Google Search"]]>
              </value>
            </param>
          </params>
          <reporter-output>
          </reporter-output>
        </test-method> <!-- runScenario -->
        <test-method is-config="true" signature="tearDownClass()[pri:0, instance:Runner.Runner@55cb6996]" started-at="2022-09-08T10:30:34 IST" name="tearDownClass" finished-at="2022-09-08T10:30:34 IST" duration-ms="2" status="PASS">
          <reporter-output>
          </reporter-output>
        </test-method> <!-- tearDownClass -->
      </class> <!-- Runner.Runner -->
    </test> <!-- Test -->
  </suite> <!-- Type of Testings -->
</testng-results>
